#
# A fatal error has been detected by the Java Runtime Environment:
#
#  EXCEPTION_ACCESS_VIOLATION (0xc0000005) at pc=0x000000001ffcb760, pid=11864, tid=0x0000000000004550
#
# JRE version: Java(TM) SE Runtime Environment (8.0_161-b12) (build 1.8.0_161-b12)
# Java VM: Java HotSpot(TM) 64-Bit Server VM (25.161-b12 mixed mode windows-amd64 compressed oops)
# Problematic frame:
# C  0x000000001ffcb760
#
# Failed to write core dump. Minidumps are not enabled by default on client versions of Windows
#
# If you would like to submit a bug report, please visit:
#   http://bugreport.java.com/bugreport/crash.jsp
#

---------------  T H R E A D  ---------------

Current thread (0x0000000004fc4000):  GCTaskThread [stack: 0x00000000157c0000,0x00000000158c0000] [id=17744]

siginfo: ExceptionCode=0xc0000005, ExceptionInformation=0x0000000000000008 0x000000001ffcb760

Registers:
RAX=0x9222209150805401, RBX=0x0000000015bc0000, RCX=0x9222209150905408, RDX=0x0000000017d25708
RSP=0x00000000158bf6e8, RBP=0x000000074695c298, RSI=0x0000000000000003, RDI=0x000000074695c2a0
R8 =0x9222209150805408, R9 =0x0000000000000003, R10=0x000000000000000c, R11=0x9222209150805408
R12=0x000000074695c2a0, R13=0x00000007c00bf9e0, R14=0x00000007c00bf9e8, R15=0x000000074695c270
RIP=0x000000001ffcb760, EFLAGS=0x0000000000010206

Top of Stack: (sp=0x00000000158bf6e8)
0x00000000158bf6e8:   0000000015bc0000 0000000000000003
0x00000000158bf6f8:   0000000055a9b782 000000074695c2a0
0x00000000158bf708:   0000000055d85031 00000000561af860
0x00000000158bf718:   0000000000000003 00000007468e7438
0x00000000158bf728:   0000000055acaa61 0000000005096d20
0x00000000158bf738:   0000000055aa4c2c 000000074695c2a0
0x00000000158bf748:   0000000000000003 0000000000000002
0x00000000158bf758:   0000000055bad8b2 0000000000000000
0x00000000158bf768:   0000000004fc4300 0000000004fc29b0
0x00000000158bf778:   00000007507dd8a8 00000000000121d2
0x00000000158bf788:   0000000055d88990 000000002005bed8
0x00000000158bf798:   00000000000d3000 0000000005096d20
0x00000000158bf7a8:   0000000055fe5c28 0022f9fc00012113
0x00000000158bf7b8:   0022f9fd00012113 0022f94e0000ed1b
0x00000000158bf7c8:   00000007507dd8a8 00000006000d3000
0x00000000158bf7d8:   0021da3600007377 00000006c132db50 

Instructions: (pc=0x000000001ffcb760)
0x000000001ffcb740:   60 f2 17 c1 06 00 00 00 d0 2f 30 c1 06 00 00 00
0x000000001ffcb750:   20 2a 30 c1 06 00 00 00 70 24 30 c1 06 00 00 00
0x000000001ffcb760:   c0 1e 30 c1 06 00 00 00 10 19 30 c1 06 00 00 00
0x000000001ffcb770:   60 13 30 c1 06 00 00 00 b0 0d 30 c1 06 00 00 00 


Register to memory mapping:

RAX=0x9222209150805401 is an unknown value
RBX=0x0000000015bc0000 is an unknown value
RCX=0x9222209150905408 is an unknown value
RDX=0x0000000017d25708 is an unknown value
RSP=0x00000000158bf6e8 is an unknown value
RBP=0x000000074695c298 is pointing into object: 0x000000074695c270
javafx.scene.Node$ReadOnlyObjectWrapperManualFire 
 - klass: 'javafx/scene/Node$ReadOnlyObjectWrapperManualFire'
RSI=0x0000000000000003 is an unknown value
RDI=0x000000074695c2a0 is an oop
javafx.beans.property.ReadOnlyObjectWrapper$ReadOnlyPropertyImpl 
 - klass: 'javafx/beans/property/ReadOnlyObjectWrapper$ReadOnlyPropertyImpl'
R8 =0x9222209150805408 is an unknown value
R9 =0x0000000000000003 is an unknown value
R10=0x000000000000000c is an unknown value
R11=0x9222209150805408 is an unknown value
R12=0x000000074695c2a0 is an oop
javafx.beans.property.ReadOnlyObjectWrapper$ReadOnlyPropertyImpl 
 - klass: 'javafx/beans/property/ReadOnlyObjectWrapper$ReadOnlyPropertyImpl'
R13=0x00000007c00bf9e0 is pointing into metadata
R14=0x00000007c00bf9e8 is pointing into metadata
R15=0x000000074695c270 is an oop
javafx.scene.Node$ReadOnlyObjectWrapperManualFire 
 - klass: 'javafx/scene/Node$ReadOnlyObjectWrapperManualFire'


Stack: [0x00000000157c0000,0x00000000158c0000],  sp=0x00000000158bf6e8,  free space=1021k
Native frames: (J=compiled Java code, j=interpreted, Vv=VM code, C=native code)
C  0x000000001ffcb760


---------------  P R O C E S S  ---------------

Java Threads: ( => current thread )
  0x00000000227b0000 JavaThread "Thread-4" daemon [_thread_blocked, id=19928, stack(0x000000002e0e0000,0x000000002e1e0000)]
  0x00000000226e9800 JavaThread "Prism Font Disposer" daemon [_thread_blocked, id=14840, stack(0x000000002d5e0000,0x000000002d6e0000)]
  0x0000000022656800 JavaThread "Thread-3" daemon [_thread_blocked, id=12668, stack(0x0000000029e40000,0x0000000029f40000)]
  0x0000000022618000 JavaThread "JavaFX Application Thread" [_thread_blocked, id=10540, stack(0x0000000023940000,0x0000000023a40000)]
  0x00000000225f6800 JavaThread "Thread-2" daemon [_thread_blocked, id=11200, stack(0x0000000023840000,0x0000000023940000)]
  0x00000000225fe800 JavaThread "JavaFX-Launcher" [_thread_blocked, id=20108, stack(0x0000000023740000,0x0000000023840000)]
  0x000000002256b800 JavaThread "QuantumRenderer-0" daemon [_thread_blocked, id=5640, stack(0x0000000022f20000,0x0000000023020000)]
  0x000000002050d000 JavaThread "Service Thread" daemon [_thread_blocked, id=16428, stack(0x0000000021ef0000,0x0000000021ff0000)]
  0x000000002047d000 JavaThread "C1 CompilerThread3" daemon [_thread_blocked, id=15432, stack(0x0000000021df0000,0x0000000021ef0000)]
  0x000000002047c000 JavaThread "C2 CompilerThread2" daemon [_thread_blocked, id=16356, stack(0x0000000021cf0000,0x0000000021df0000)]
  0x0000000020477000 JavaThread "C2 CompilerThread1" daemon [_thread_blocked, id=19992, stack(0x0000000021bf0000,0x0000000021cf0000)]
  0x0000000020470000 JavaThread "C2 CompilerThread0" daemon [_thread_blocked, id=476, stack(0x0000000021af0000,0x0000000021bf0000)]
  0x000000002046e000 JavaThread "Attach Listener" daemon [_thread_blocked, id=3916, stack(0x00000000219f0000,0x0000000021af0000)]
  0x000000001ed8e000 JavaThread "Signal Dispatcher" daemon [_thread_blocked, id=19576, stack(0x00000000218f0000,0x00000000219f0000)]
  0x0000000020463000 JavaThread "Finalizer" daemon [_thread_blocked, id=17432, stack(0x00000000216c0000,0x00000000217c0000)]
  0x000000001ed7d000 JavaThread "Reference Handler" daemon [_thread_blocked, id=6732, stack(0x00000000215c0000,0x00000000216c0000)]
  0x0000000004e8e000 JavaThread "main" [_thread_blocked, id=13016, stack(0x0000000004ea0000,0x0000000004fa0000)]

Other Threads:
  0x0000000020442800 VMThread [stack: 0x00000000214c0000,0x00000000215c0000] [id=19296]
  0x000000002051f000 WatcherThread [stack: 0x00000000223a0000,0x00000000224a0000] [id=15168]

=>0x0000000004fc4000 (exited) GCTaskThread [stack: 0x00000000157c0000,0x00000000158c0000] [id=17744]

VM state:at safepoint (normal execution)

VM Mutex/Monitor currently owned by a thread:  ([mutex/lock_event])
[0x0000000004e8d080] Threads_lock - owner thread: 0x0000000020442800
[0x0000000004e8cd00] Heap_lock - owner thread: 0x0000000022618000

Heap:
 PSYoungGen      total 928768K, used 464896K [0x000000076b000000, 0x00000007c0000000, 0x00000007c0000000)
  eden space 464896K, 100% used [0x000000076b000000,0x0000000787600000,0x0000000787600000)
  from space 463872K, 0% used [0x0000000787600000,0x0000000787600000,0x00000007a3b00000)
  to   space 463872K, 0% used [0x00000007a3b00000,0x00000007a3b00000,0x00000007c0000000)
 ParOldGen       total 2785280K, used 2785160K [0x00000006c1000000, 0x000000076b000000, 0x000000076b000000)
  object space 2785280K, 99% used [0x00000006c1000000,0x000000076afe2220,0x000000076b000000)
 Metaspace       used 15054K, capacity 15706K, committed 15872K, reserved 1062912K
  class space    used 2041K, capacity 2224K, committed 2304K, reserved 1048576K

Card table byte_map: [0x0000000014470000,0x0000000014c70000] byte_map_base: 0x0000000010e68000

Marking Bits: (ParMarkBitMap*) 0x00000000561af860
 Begin Bits: [0x0000000015bc0000, 0x0000000019b80000)
 End Bits:   [0x0000000019b80000, 0x000000001db40000)

Polling page: 0x0000000003100000

CodeCache: size=245760Kb used=6843Kb max_used=6856Kb free=238916Kb
 bounds [0x00000000050b0000, 0x0000000005770000, 0x00000000140b0000]
 total_blobs=2709 nmethods=2076 adapters=546
 compilation: enabled

Compilation events (10 events):
Event: 8.133 Thread 0x0000000020477000 2098       4       com.sun.javafx.binding.ExpressionHelperBase::trim (71 bytes)
Event: 8.146 Thread 0x0000000020477000 nmethod 2098 0x0000000005727e50 code [0x0000000005727f80, 0x0000000005728278]
Event: 8.320 Thread 0x000000002047c000 2099       4       java.util.HashMap::resize (359 bytes)
Event: 8.326 Thread 0x000000002047c000 nmethod 2099 0x0000000005764f50 code [0x00000000057650e0, 0x0000000005765608]
Event: 9.535 Thread 0x0000000020470000 2100       4       java.util.HashMap::putVal (300 bytes)
Event: 9.538 Thread 0x0000000020477000 2101       4       java.util.HashMap::newNode (13 bytes)
Event: 9.539 Thread 0x0000000020477000 nmethod 2101 0x00000000057295d0 code [0x0000000005729720, 0x0000000005729838]
Event: 9.543 Thread 0x0000000020470000 nmethod 2100 0x0000000005763e50 code [0x0000000005764020, 0x0000000005764900]
Event: 15.560 Thread 0x0000000020470000 2102       4       java.util.concurrent.locks.AbstractQueuedSynchronizer::shouldParkAfterFailedAcquire (50 bytes)
Event: 15.561 Thread 0x0000000020470000 nmethod 2102 0x0000000005763bd0 code [0x0000000005763d00, 0x0000000005763d98]

GC Heap History (10 events):
Event: 19.834 GC heap after
Heap after GC invocations=19 (full 6):
 PSYoungGen      total 928768K, used 259450K [0x000000076b000000, 0x00000007c0000000, 0x00000007c0000000)
  eden space 464896K, 0% used [0x000000076b000000,0x000000076b000000,0x0000000787600000)
  from space 463872K, 55% used [0x0000000787600000,0x000000079735eb08,0x00000007a3b00000)
  to   space 463872K, 0% used [0x00000007a3b00000,0x00000007a3b00000,0x00000007c0000000)
 ParOldGen       total 2583040K, used 1832255K [0x00000006c1000000, 0x000000075ea80000, 0x000000076b000000)
  object space 2583040K, 70% used [0x00000006c1000000,0x0000000730d4fd30,0x000000075ea80000)
 Metaspace       used 15054K, capacity 15706K, committed 15872K, reserved 1062912K
  class space    used 2041K, capacity 2224K, committed 2304K, reserved 1048576K
}
Event: 20.546 GC heap before
{Heap before GC invocations=20 (full 6):
 PSYoungGen      total 928768K, used 724346K [0x000000076b000000, 0x00000007c0000000, 0x00000007c0000000)
  eden space 464896K, 100% used [0x000000076b000000,0x0000000787600000,0x0000000787600000)
  from space 463872K, 55% used [0x0000000787600000,0x000000079735eb08,0x00000007a3b00000)
  to   space 463872K, 0% used [0x00000007a3b00000,0x00000007a3b00000,0x00000007c0000000)
 ParOldGen       total 2583040K, used 1832255K [0x00000006c1000000, 0x000000075ea80000, 0x000000076b000000)
  object space 2583040K, 70% used [0x00000006c1000000,0x0000000730d4fd30,0x000000075ea80000)
 Metaspace       used 15054K, capacity 15706K, committed 15872K, reserved 1062912K
  class space    used 2041K, capacity 2224K, committed 2304K, reserved 1048576K
Event: 20.988 GC heap after
Heap after GC invocations=20 (full 6):
 PSYoungGen      total 928768K, used 423267K [0x000000076b000000, 0x00000007c0000000, 0x00000007c0000000)
  eden space 464896K, 0% used [0x000000076b000000,0x000000076b000000,0x0000000787600000)
  from space 463872K, 91% used [0x00000007a3b00000,0x00000007bd858e88,0x00000007c0000000)
  to   space 463872K, 0% used [0x0000000787600000,0x0000000787600000,0x00000007a3b00000)
 ParOldGen       total 2583040K, used 2024039K [0x00000006c1000000, 0x000000075ea80000, 0x000000076b000000)
  object space 2583040K, 78% used [0x00000006c1000000,0x000000073c899d30,0x000000075ea80000)
 Metaspace       used 15054K, capacity 15706K, committed 15872K, reserved 1062912K
  class space    used 2041K, capacity 2224K, committed 2304K, reserved 1048576K
}
Event: 21.926 GC heap before
{Heap before GC invocations=21 (full 6):
 PSYoungGen      total 928768K, used 888163K [0x000000076b000000, 0x00000007c0000000, 0x00000007c0000000)
  eden space 464896K, 100% used [0x000000076b000000,0x0000000787600000,0x0000000787600000)
  from space 463872K, 91% used [0x00000007a3b00000,0x00000007bd858e88,0x00000007c0000000)
  to   space 463872K, 0% used [0x0000000787600000,0x0000000787600000,0x00000007a3b00000)
 ParOldGen       total 2583040K, used 2024039K [0x00000006c1000000, 0x000000075ea80000, 0x000000076b000000)
  object space 2583040K, 78% used [0x00000006c1000000,0x000000073c899d30,0x000000075ea80000)
 Metaspace       used 15054K, capacity 15706K, committed 15872K, reserved 1062912K
  class space    used 2041K, capacity 2224K, committed 2304K, reserved 1048576K
Event: 22.651 GC heap after
Heap after GC invocations=21 (full 6):
 PSYoungGen      total 928768K, used 353103K [0x000000076b000000, 0x00000007c0000000, 0x00000007c0000000)
  eden space 464896K, 0% used [0x000000076b000000,0x000000076b000000,0x0000000787600000)
  from space 463872K, 76% used [0x0000000787600000,0x000000079ced3cb0,0x00000007a3b00000)
  to   space 463872K, 0% used [0x00000007a3b00000,0x00000007a3b00000,0x00000007c0000000)
 ParOldGen       total 2583040K, used 2441048K [0x00000006c1000000, 0x000000075ea80000, 0x000000076b000000)
  object space 2583040K, 94% used [0x00000006c1000000,0x0000000755fd6338,0x000000075ea80000)
 Metaspace       used 15054K, capacity 15706K, committed 15872K, reserved 1062912K
  class space    used 2041K, capacity 2224K, committed 2304K, reserved 1048576K
}
Event: 22.651 GC heap before
{Heap before GC invocations=22 (full 7):
 PSYoungGen      total 928768K, used 353103K [0x000000076b000000, 0x00000007c0000000, 0x00000007c0000000)
  eden space 464896K, 0% used [0x000000076b000000,0x000000076b000000,0x0000000787600000)
  from space 463872K, 76% used [0x0000000787600000,0x000000079ced3cb0,0x00000007a3b00000)
  to   space 463872K, 0% used [0x00000007a3b00000,0x00000007a3b00000,0x00000007c0000000)
 ParOldGen       total 2583040K, used 2441048K [0x00000006c1000000, 0x000000075ea80000, 0x000000076b000000)
  object space 2583040K, 94% used [0x00000006c1000000,0x0000000755fd6338,0x000000075ea80000)
 Metaspace       used 15054K, capacity 15706K, committed 15872K, reserved 1062912K
  class space    used 2041K, capacity 2224K, committed 2304K, reserved 1048576K
Event: 27.220 GC heap after
Heap after GC invocations=22 (full 7):
 PSYoungGen      total 928768K, used 109661K [0x000000076b000000, 0x00000007c0000000, 0x00000007c0000000)
  eden space 464896K, 0% used [0x000000076b000000,0x000000076b000000,0x0000000787600000)
  from space 463872K, 23% used [0x0000000787600000,0x000000078e117670,0x00000007a3b00000)
  to   space 463872K, 0% used [0x00000007a3b00000,0x00000007a3b00000,0x00000007c0000000)
 ParOldGen       total 2785280K, used 2582645K [0x00000006c1000000, 0x000000076b000000, 0x000000076b000000)
  object space 2785280K, 92% used [0x00000006c1000000,0x000000075ea1d620,0x000000076b000000)
 Metaspace       used 15054K, capacity 15706K, committed 15872K, reserved 1062912K
  class space    used 2041K, capacity 2224K, committed 2304K, reserved 1048576K
}
Event: 27.916 GC heap before
{Heap before GC invocations=23 (full 8):
 PSYoungGen      total 928768K, used 574557K [0x000000076b000000, 0x00000007c0000000, 0x00000007c0000000)
  eden space 464896K, 100% used [0x000000076b000000,0x0000000787600000,0x0000000787600000)
  from space 463872K, 23% used [0x0000000787600000,0x000000078e117670,0x00000007a3b00000)
  to   space 463872K, 0% used [0x00000007a3b00000,0x00000007a3b00000,0x00000007c0000000)
 ParOldGen       total 2785280K, used 2582645K [0x00000006c1000000, 0x000000076b000000, 0x000000076b000000)
  object space 2785280K, 92% used [0x00000006c1000000,0x000000075ea1d620,0x000000076b000000)
 Metaspace       used 15054K, capacity 15706K, committed 15872K, reserved 1062912K
  class space    used 2041K, capacity 2224K, committed 2304K, reserved 1048576K
Event: 30.409 GC heap after
Heap after GC invocations=23 (full 8):
 PSYoungGen      total 928768K, used 216949K [0x000000076b000000, 0x00000007c0000000, 0x00000007c0000000)
  eden space 464896K, 46% used [0x000000076b000000,0x00000007783dd610,0x0000000787600000)
  from space 463872K, 0% used [0x0000000787600000,0x0000000787600000,0x00000007a3b00000)
  to   space 463872K, 0% used [0x00000007a3b00000,0x00000007a3b00000,0x00000007c0000000)
 ParOldGen       total 2785280K, used 2785160K [0x00000006c1000000, 0x000000076b000000, 0x000000076b000000)
  object space 2785280K, 99% used [0x00000006c1000000,0x000000076afe2220,0x000000076b000000)
 Metaspace       used 15054K, capacity 15706K, committed 15872K, reserved 1062912K
  class space    used 2041K, capacity 2224K, committed 2304K, reserved 1048576K
}
Event: 30.781 GC heap before
{Heap before GC invocations=24 (full 9):
 PSYoungGen      total 928768K, used 464896K [0x000000076b000000, 0x00000007c0000000, 0x00000007c0000000)
  eden space 464896K, 100% used [0x000000076b000000,0x0000000787600000,0x0000000787600000)
  from space 463872K, 0% used [0x0000000787600000,0x0000000787600000,0x00000007a3b00000)
  to   space 463872K, 0% used [0x00000007a3b00000,0x00000007a3b00000,0x00000007c0000000)
 ParOldGen       total 2785280K, used 2785160K [0x00000006c1000000, 0x000000076b000000, 0x000000076b000000)
  object space 2785280K, 99% used [0x00000006c1000000,0x000000076afe2220,0x000000076b000000)
 Metaspace       used 15054K, capacity 15706K, committed 15872K, reserved 1062912K
  class space    used 2041K, capacity 2224K, committed 2304K, reserved 1048576K

Deoptimization events (10 events):
Event: 6.161 Thread 0x00000000227b0000 Uncommon trap: reason=uninitialized action=reinterpret pc=0x00000000055c9190 method=javafx.concurrent.Task$TaskCallable.call()Ljava/lang/Object; @ 46
Event: 6.260 Thread 0x00000000227b0000 Uncommon trap: reason=array_check action=maybe_recompile pc=0x00000000056f7760 method=com.sun.javafx.css.SimpleSelector.applies(Ljavafx/css/Styleable;[Ljava/util/Set;I)Z @ 37
Event: 6.260 Thread 0x00000000227b0000 Uncommon trap: reason=array_check action=maybe_recompile pc=0x00000000056f7760 method=com.sun.javafx.css.SimpleSelector.applies(Ljavafx/css/Styleable;[Ljava/util/Set;I)Z @ 37
Event: 6.260 Thread 0x00000000227b0000 Uncommon trap: reason=array_check action=maybe_recompile pc=0x00000000056f7760 method=com.sun.javafx.css.SimpleSelector.applies(Ljavafx/css/Styleable;[Ljava/util/Set;I)Z @ 37
Event: 6.260 Thread 0x00000000227b0000 Uncommon trap: reason=array_check action=maybe_recompile pc=0x00000000056f7760 method=com.sun.javafx.css.SimpleSelector.applies(Ljavafx/css/Styleable;[Ljava/util/Set;I)Z @ 37
Event: 6.512 Thread 0x00000000227b0000 Uncommon trap: reason=array_check action=maybe_recompile pc=0x000000000571ad14 method=com.sun.javafx.css.SimpleSelector.applies(Ljavafx/css/Styleable;[Ljava/util/Set;I)Z @ 37
Event: 8.653 Thread 0x00000000227b0000 Uncommon trap: reason=class_check action=maybe_recompile pc=0x0000000005407070 method=java.util.HashMap.putVal(ILjava/lang/Object;Ljava/lang/Object;ZZ)Ljava/lang/Object; @ 203
Event: 8.752 Thread 0x00000000227b0000 Uncommon trap: reason=class_check action=maybe_recompile pc=0x0000000005407070 method=java.util.HashMap.putVal(ILjava/lang/Object;Ljava/lang/Object;ZZ)Ljava/lang/Object; @ 203
Event: 8.875 Thread 0x00000000227b0000 Uncommon trap: reason=class_check action=maybe_recompile pc=0x0000000005407070 method=java.util.HashMap.putVal(ILjava/lang/Object;Ljava/lang/Object;ZZ)Ljava/lang/Object; @ 203
Event: 9.535 Thread 0x00000000227b0000 Uncommon trap: reason=class_check action=maybe_recompile pc=0x0000000005407070 method=java.util.HashMap.putVal(ILjava/lang/Object;Ljava/lang/Object;ZZ)Ljava/lang/Object; @ 203

Classes redefined (0 events):
No events

Internal exceptions (10 events):
Event: 0.169 Thread 0x0000000004e8e000 Exception <a 'java/security/PrivilegedActionException'> (0x000000076b500e00) thrown at [C:\re\workspace\8-2-build-windows-amd64-cygwin\jdk8u161\10277\hotspot\src\share\vm\prims\jvm.cpp, line 1390]
Event: 0.169 Thread 0x0000000004e8e000 Exception <a 'java/security/PrivilegedActionException'> (0x000000076b501010) thrown at [C:\re\workspace\8-2-build-windows-amd64-cygwin\jdk8u161\10277\hotspot\src\share\vm\prims\jvm.cpp, line 1390]
Event: 0.295 Thread 0x00000000225fe800 Exception <a 'java/lang/NullPointerException'> (0x000000076ba43408) thrown at [C:\re\workspace\8-2-build-windows-amd64-cygwin\jdk8u161\10277\hotspot\src\share\vm\interpreter\linkResolver.cpp, line 1185]
Event: 0.483 Thread 0x0000000022618000 Exception <a 'java/lang/NullPointerException'> (0x000000076c078298) thrown at [C:\re\workspace\8-2-build-windows-amd64-cygwin\jdk8u161\10277\hotspot\src\share\vm\interpreter\linkResolver.cpp, line 1185]
Event: 0.483 Thread 0x0000000022618000 Exception <a 'java/lang/NullPointerException'> (0x000000076c078298) thrown at [C:\re\workspace\8-2-build-windows-amd64-cygwin\jdk8u161\10277\hotspot\src\share\vm\prims\jvm.cpp, line 1394]
Event: 0.549 Thread 0x0000000022618000 Exception <a 'java/lang/ArrayIndexOutOfBoundsException'> (0x000000076c25a358) thrown at [C:\re\workspace\8-2-build-windows-amd64-cygwin\jdk8u161\10277\hotspot\src\share\vm\runtime\sharedRuntime.cpp, line 605]
Event: 0.550 Thread 0x0000000022618000 Exception <a 'java/lang/ArrayIndexOutOfBoundsException'> (0x000000076c25ae70) thrown at [C:\re\workspace\8-2-build-windows-amd64-cygwin\jdk8u161\10277\hotspot\src\share\vm\runtime\sharedRuntime.cpp, line 605]
Event: 0.550 Thread 0x0000000022618000 Exception <a 'java/lang/ArrayIndexOutOfBoundsException'> (0x000000076c25c218) thrown at [C:\re\workspace\8-2-build-windows-amd64-cygwin\jdk8u161\10277\hotspot\src\share\vm\runtime\sharedRuntime.cpp, line 605]
Event: 0.563 Thread 0x0000000022618000 Exception <a 'java/lang/ArrayIndexOutOfBoundsException'> (0x000000076c2a9858) thrown at [C:\re\workspace\8-2-build-windows-amd64-cygwin\jdk8u161\10277\hotspot\src\share\vm\runtime\sharedRuntime.cpp, line 605]
Event: 0.567 Thread 0x0000000022618000 Exception <a 'java/lang/ArrayIndexOutOfBoundsException'> (0x000000076c2c9f38) thrown at [C:\re\workspace\8-2-build-windows-amd64-cygwin\jdk8u161\10277\hotspot\src\share\vm\runtime\sharedRuntime.cpp, line 605]

Events (10 events):
Event: 14.863 Executing VM operation: ParallelGCFailedAllocation done
Event: 15.696 Executing VM operation: ParallelGCFailedAllocation
Event: 19.834 Executing VM operation: ParallelGCFailedAllocation done
Event: 20.546 Executing VM operation: ParallelGCFailedAllocation
Event: 20.988 Executing VM operation: ParallelGCFailedAllocation done
Event: 21.926 Executing VM operation: ParallelGCFailedAllocation
Event: 27.220 Executing VM operation: ParallelGCFailedAllocation done
Event: 27.916 Executing VM operation: ParallelGCFailedAllocation
Event: 30.409 Executing VM operation: ParallelGCFailedAllocation done
Event: 30.781 Executing VM operation: ParallelGCFailedAllocation


Dynamic libraries:
0x00007ff626cb0000 - 0x00007ff626ce7000 	C:\Program Files\Java\jre1.8.0_161\bin\javaw.exe
0x00007ff9a9220000 - 0x00007ff9a9400000 	C:\WINDOWS\SYSTEM32\ntdll.dll
0x00007ff9a6750000 - 0x00007ff9a67fe000 	C:\WINDOWS\System32\KERNEL32.DLL
0x00007ff9a6110000 - 0x00007ff9a6376000 	C:\WINDOWS\System32\KERNELBASE.dll
0x00007ff9a84b0000 - 0x00007ff9a8551000 	C:\WINDOWS\System32\ADVAPI32.dll
0x00007ff9a9150000 - 0x00007ff9a91ed000 	C:\WINDOWS\System32\msvcrt.dll
0x00007ff9a66f0000 - 0x00007ff9a674b000 	C:\WINDOWS\System32\sechost.dll
0x00007ff9a8390000 - 0x00007ff9a84af000 	C:\WINDOWS\System32\RPCRT4.dll
0x00007ff9a6800000 - 0x00007ff9a698f000 	C:\WINDOWS\System32\USER32.dll
0x00007ff9a63e0000 - 0x00007ff9a6400000 	C:\WINDOWS\System32\win32u.dll
0x00007ff9a88d0000 - 0x00007ff9a88f8000 	C:\WINDOWS\System32\GDI32.dll
0x00007ff9a6400000 - 0x00007ff9a6593000 	C:\WINDOWS\System32\gdi32full.dll
0x00007ff9a56d0000 - 0x00007ff9a576b000 	C:\WINDOWS\System32\msvcp_win.dll
0x00007ff9a65a0000 - 0x00007ff9a6696000 	C:\WINDOWS\System32\ucrtbase.dll
0x00007ff99b230000 - 0x00007ff99b499000 	C:\WINDOWS\WinSxS\amd64_microsoft.windows.common-controls_6595b64144ccf1df_6.0.16299.248_none_15ced204935f55d7\COMCTL32.dll
0x00007ff9a8e40000 - 0x00007ff9a9148000 	C:\WINDOWS\System32\combase.dll
0x00007ff9a6090000 - 0x00007ff9a6102000 	C:\WINDOWS\System32\bcryptPrimitives.dll
0x00007ff9a8840000 - 0x00007ff9a886d000 	C:\WINDOWS\System32\IMM32.DLL
0x00000000556b0000 - 0x0000000055782000 	C:\Program Files\Java\jre1.8.0_161\bin\msvcr100.dll
0x0000000055990000 - 0x000000005622f000 	C:\Program Files\Java\jre1.8.0_161\bin\server\jvm.dll
0x00007ff9a6a20000 - 0x00007ff9a6a28000 	C:\WINDOWS\System32\PSAPI.DLL
0x00007ff9a0330000 - 0x00007ff9a033a000 	C:\WINDOWS\SYSTEM32\VERSION.dll
0x00007ff9a1ed0000 - 0x00007ff9a1ef3000 	C:\WINDOWS\SYSTEM32\WINMM.dll
0x00007ff99ddc0000 - 0x00007ff99ddc9000 	C:\WINDOWS\SYSTEM32\WSOCK32.dll
0x00007ff9a85c0000 - 0x00007ff9a862c000 	C:\WINDOWS\System32\WS2_32.dll
0x00007ff9a1e70000 - 0x00007ff9a1e9a000 	C:\WINDOWS\SYSTEM32\WINMMBASE.dll
0x00007ff9a66a0000 - 0x00007ff9a66ea000 	C:\WINDOWS\System32\cfgmgr32.dll
0x00000000558a0000 - 0x00000000558af000 	C:\Program Files\Java\jre1.8.0_161\bin\verify.dll
0x0000000055870000 - 0x0000000055899000 	C:\Program Files\Java\jre1.8.0_161\bin\java.dll
0x0000000055850000 - 0x0000000055866000 	C:\Program Files\Java\jre1.8.0_161\bin\zip.dll
0x00007ff9a6f40000 - 0x00007ff9a8376000 	C:\WINDOWS\System32\SHELL32.dll
0x00007ff9a6a30000 - 0x00007ff9a6ad6000 	C:\WINDOWS\System32\shcore.dll
0x00007ff9a5940000 - 0x00007ff9a6087000 	C:\WINDOWS\System32\windows.storage.dll
0x00007ff9a8870000 - 0x00007ff9a88c1000 	C:\WINDOWS\System32\shlwapi.dll
0x00007ff9a5600000 - 0x00007ff9a5611000 	C:\WINDOWS\System32\kernel.appcore.dll
0x00007ff9a5590000 - 0x00007ff9a55dc000 	C:\WINDOWS\System32\powrprof.dll
0x00007ff9a55e0000 - 0x00007ff9a55fb000 	C:\WINDOWS\System32\profapi.dll
0x0000000022ca0000 - 0x0000000022ca3000 	C:\Program Files\Java\jre1.8.0_161\bin\api-ms-win-core-console-l1-1-0.dll
0x0000000022cb0000 - 0x0000000022cb3000 	C:\Program Files\Java\jre1.8.0_161\bin\api-ms-win-core-datetime-l1-1-0.dll
0x0000000022cc0000 - 0x0000000022cc3000 	C:\Program Files\Java\jre1.8.0_161\bin\api-ms-win-core-debug-l1-1-0.dll
0x0000000022cd0000 - 0x0000000022cd3000 	C:\Program Files\Java\jre1.8.0_161\bin\api-ms-win-core-errorhandling-l1-1-0.dll
0x0000000022ce0000 - 0x0000000022ce4000 	C:\Program Files\Java\jre1.8.0_161\bin\api-ms-win-core-file-l1-1-0.dll
0x0000000022cf0000 - 0x0000000022cf3000 	C:\Program Files\Java\jre1.8.0_161\bin\api-ms-win-core-file-l1-2-0.dll
0x0000000022d00000 - 0x0000000022d03000 	C:\Program Files\Java\jre1.8.0_161\bin\api-ms-win-core-file-l2-1-0.dll
0x0000000022d10000 - 0x0000000022d13000 	C:\Program Files\Java\jre1.8.0_161\bin\api-ms-win-core-handle-l1-1-0.dll
0x0000000022d20000 - 0x0000000022d23000 	C:\Program Files\Java\jre1.8.0_161\bin\api-ms-win-core-heap-l1-1-0.dll
0x0000000022d30000 - 0x0000000022d33000 	C:\Program Files\Java\jre1.8.0_161\bin\api-ms-win-core-interlocked-l1-1-0.dll
0x0000000022d40000 - 0x0000000022d43000 	C:\Program Files\Java\jre1.8.0_161\bin\api-ms-win-core-libraryloader-l1-1-0.dll
0x0000000022d50000 - 0x0000000022d53000 	C:\Program Files\Java\jre1.8.0_161\bin\api-ms-win-core-localization-l1-2-0.dll
0x0000000022d60000 - 0x0000000022d63000 	C:\Program Files\Java\jre1.8.0_161\bin\api-ms-win-core-memory-l1-1-0.dll
0x0000000022d70000 - 0x0000000022d73000 	C:\Program Files\Java\jre1.8.0_161\bin\api-ms-win-core-namedpipe-l1-1-0.dll
0x0000000022d80000 - 0x0000000022d83000 	C:\Program Files\Java\jre1.8.0_161\bin\api-ms-win-core-processenvironment-l1-1-0.dll
0x0000000022d90000 - 0x0000000022d93000 	C:\Program Files\Java\jre1.8.0_161\bin\api-ms-win-core-processthreads-l1-1-0.dll
0x0000000022da0000 - 0x0000000022da3000 	C:\Program Files\Java\jre1.8.0_161\bin\api-ms-win-core-processthreads-l1-1-1.dll
0x0000000022db0000 - 0x0000000022db3000 	C:\Program Files\Java\jre1.8.0_161\bin\api-ms-win-core-profile-l1-1-0.dll
0x0000000022dc0000 - 0x0000000022dc3000 	C:\Program Files\Java\jre1.8.0_161\bin\api-ms-win-core-rtlsupport-l1-1-0.dll
0x0000000022dd0000 - 0x0000000022dd3000 	C:\Program Files\Java\jre1.8.0_161\bin\api-ms-win-core-string-l1-1-0.dll
0x0000000022de0000 - 0x0000000022de3000 	C:\Program Files\Java\jre1.8.0_161\bin\api-ms-win-core-synch-l1-1-0.dll
0x0000000022df0000 - 0x0000000022df3000 	C:\Program Files\Java\jre1.8.0_161\bin\api-ms-win-core-synch-l1-2-0.dll
0x0000000022e00000 - 0x0000000022e03000 	C:\Program Files\Java\jre1.8.0_161\bin\api-ms-win-core-sysinfo-l1-1-0.dll
0x0000000022e10000 - 0x0000000022e13000 	C:\Program Files\Java\jre1.8.0_161\bin\api-ms-win-core-timezone-l1-1-0.dll
0x0000000022e20000 - 0x0000000022e23000 	C:\Program Files\Java\jre1.8.0_161\bin\api-ms-win-core-util-l1-1-0.dll
0x0000000022e30000 - 0x0000000022e33000 	C:\Program Files\Java\jre1.8.0_161\bin\api-ms-win-crt-conio-l1-1-0.dll
0x0000000022e40000 - 0x0000000022e44000 	C:\Program Files\Java\jre1.8.0_161\bin\api-ms-win-crt-convert-l1-1-0.dll
0x0000000022e50000 - 0x0000000022e53000 	C:\Program Files\Java\jre1.8.0_161\bin\api-ms-win-crt-environment-l1-1-0.dll
0x0000000022e60000 - 0x0000000022e63000 	C:\Program Files\Java\jre1.8.0_161\bin\api-ms-win-crt-filesystem-l1-1-0.dll
0x0000000022e70000 - 0x0000000022e73000 	C:\Program Files\Java\jre1.8.0_161\bin\api-ms-win-crt-heap-l1-1-0.dll
0x0000000022e80000 - 0x0000000022e83000 	C:\Program Files\Java\jre1.8.0_161\bin\api-ms-win-crt-locale-l1-1-0.dll
0x0000000022e90000 - 0x0000000022e95000 	C:\Program Files\Java\jre1.8.0_161\bin\api-ms-win-crt-math-l1-1-0.dll
0x0000000022ea0000 - 0x0000000022ea5000 	C:\Program Files\Java\jre1.8.0_161\bin\api-ms-win-crt-multibyte-l1-1-0.dll
0x0000000022eb0000 - 0x0000000022ec0000 	C:\Program Files\Java\jre1.8.0_161\bin\api-ms-win-crt-private-l1-1-0.dll
0x0000000022ec0000 - 0x0000000022ec3000 	C:\Program Files\Java\jre1.8.0_161\bin\api-ms-win-crt-process-l1-1-0.dll
0x0000000022ed0000 - 0x0000000022ed4000 	C:\Program Files\Java\jre1.8.0_161\bin\api-ms-win-crt-runtime-l1-1-0.dll
0x0000000022ee0000 - 0x0000000022ee4000 	C:\Program Files\Java\jre1.8.0_161\bin\api-ms-win-crt-stdio-l1-1-0.dll
0x0000000022ef0000 - 0x0000000022ef4000 	C:\Program Files\Java\jre1.8.0_161\bin\api-ms-win-crt-string-l1-1-0.dll
0x0000000022f00000 - 0x0000000022f03000 	C:\Program Files\Java\jre1.8.0_161\bin\api-ms-win-crt-time-l1-1-0.dll
0x0000000022f10000 - 0x0000000022f13000 	C:\Program Files\Java\jre1.8.0_161\bin\api-ms-win-crt-utility-l1-1-0.dll
0x00007ff985aa0000 - 0x00007ff985b96000 	C:\Program Files\Java\jre1.8.0_161\bin\ucrtbase.dll
0x00007ff9958a0000 - 0x00007ff9958f1000 	C:\Program Files\Java\jre1.8.0_161\bin\concrt140.dll
0x00007ff999060000 - 0x00007ff999076000 	C:\Program Files\Java\jre1.8.0_161\bin\VCRUNTIME140.dll
0x00007ff985a00000 - 0x00007ff985a9c000 	C:\Program Files\Java\jre1.8.0_161\bin\MSVCP140.dll
0x0000000055680000 - 0x00000000556a3000 	C:\Program Files\Java\jre1.8.0_161\bin\prism_d3d.dll
0x00007ff99d2e0000 - 0x00007ff99d475000 	C:\WINDOWS\system32\d3d9.dll
0x00007ff9a3e20000 - 0x00007ff9a3e4a000 	C:\WINDOWS\SYSTEM32\dwmapi.dll
0x00007ff9a3b60000 - 0x00007ff9a3bf5000 	C:\WINDOWS\system32\uxtheme.dll
0x00007ff99e430000 - 0x00007ff99e51b000 	C:\WINDOWS\System32\DriverStore\FileRepository\nv_dispi.inf_amd64_048172e9d7cc483d\nvldumdx.dll
0x00007ff9a5770000 - 0x00007ff9a593e000 	C:\WINDOWS\System32\crypt32.dll
0x00007ff9a5570000 - 0x00007ff9a5582000 	C:\WINDOWS\System32\MSASN1.dll
0x00007ff9a4fc0000 - 0x00007ff9a4fd7000 	C:\WINDOWS\SYSTEM32\CRYPTSP.dll
0x00007ff9a4a10000 - 0x00007ff9a4a43000 	C:\WINDOWS\system32\rsaenh.dll
0x00007ff9a50d0000 - 0x00007ff9a50f5000 	C:\WINDOWS\SYSTEM32\bcrypt.dll
0x00007ff9a4fe0000 - 0x00007ff9a4feb000 	C:\WINDOWS\SYSTEM32\CRYPTBASE.dll
0x00007ff954820000 - 0x00007ff955a2d000 	C:\WINDOWS\System32\DriverStore\FileRepository\nv_dispi.inf_amd64_048172e9d7cc483d\nvd3dumx.dll
0x0000000055630000 - 0x0000000055679000 	C:\Program Files\Java\jre1.8.0_161\bin\glass.dll
0x00007ff9a8630000 - 0x00007ff9a873a000 	C:\WINDOWS\System32\COMDLG32.dll
0x00007ff9a6df0000 - 0x00007ff9a6f39000 	C:\WINDOWS\System32\ole32.dll
0x00007ff9a8900000 - 0x00007ff9a89c5000 	C:\WINDOWS\System32\OLEAUT32.dll
0x00007ff9a6c80000 - 0x00007ff9a6de7000 	C:\WINDOWS\System32\MSCTF.dll
0x00007ff99af70000 - 0x00007ff99b05c000 	C:\Program Files (x86)\NVIDIA Corporation\3D Vision\nvSCPAPI64.dll
0x00007ff9a89d0000 - 0x00007ff9a8e1e000 	C:\WINDOWS\System32\SETUPAPI.dll
0x00007ff972020000 - 0x00007ff972279000 	C:\WINDOWS\system32\nvspcap64.dll
0x00007ff9a46b0000 - 0x00007ff9a46e1000 	C:\WINDOWS\SYSTEM32\ntmarta.dll
0x0000000055610000 - 0x0000000055624000 	C:\Program Files\Java\jre1.8.0_161\bin\javafx_font.dll
0x00007ff98cbf0000 - 0x00007ff98ceff000 	C:\WINDOWS\SYSTEM32\dwrite.dll
0x00007ff9a87a0000 - 0x00007ff9a883e000 	C:\WINDOWS\System32\clbcatq.dll
0x00007ff9a0a80000 - 0x00007ff9a0c2b000 	C:\WINDOWS\SYSTEM32\WindowsCodecs.dll
0x00007ff995ec0000 - 0x00007ff995f0f000 	C:\WINDOWS\system32\dataexchange.dll
0x00007ff9a3460000 - 0x00007ff9a35a2000 	C:\WINDOWS\system32\dcomp.dll
0x00007ff9a2990000 - 0x00007ff9a2c72000 	C:\WINDOWS\system32\d3d11.dll
0x00007ff9a43e0000 - 0x00007ff9a448f000 	C:\WINDOWS\system32\dxgi.dll
0x00007ff9a3f10000 - 0x00007ff9a408b000 	C:\WINDOWS\system32\twinapi.appcore.dll
0x00007ff9a40d0000 - 0x00007ff9a40f0000 	C:\WINDOWS\system32\RMCLIENT.dll
0x00007ff989fd0000 - 0x00007ff98a004000 	C:\Program Files\Common Files\Microsoft Shared\Ink\rtscom.dll
0x00007ff998e60000 - 0x00007ff998ef8000 	C:\WINDOWS\System32\TextInputFramework.dll
0x00007ff9a3240000 - 0x00007ff9a331c000 	C:\WINDOWS\System32\CoreMessaging.dll
0x00007ff9a04a0000 - 0x00007ff9a078e000 	C:\WINDOWS\System32\CoreUIComponents.dll
0x00007ff9a1160000 - 0x00007ff9a1296000 	C:\WINDOWS\SYSTEM32\wintypes.dll
0x00000000555f0000 - 0x0000000055602000 	C:\Program Files\Java\jre1.8.0_161\bin\prism_common.dll
0x00007ff995440000 - 0x00007ff995608000 	C:\WINDOWS\SYSTEM32\dbghelp.dll

VM Arguments:
jvm_args: -Dfile.encoding=Cp1252 
java_command: application.Main
java_class_path (initial): C:\Program Files\Java\jre1.8.0_161\lib\resources.jar;C:\Program Files\Java\jre1.8.0_161\lib\rt.jar;C:\Program Files\Java\jre1.8.0_161\lib\jsse.jar;C:\Program Files\Java\jre1.8.0_161\lib\jce.jar;C:\Program Files\Java\jre1.8.0_161\lib\charsets.jar;C:\Program Files\Java\jre1.8.0_161\lib\jfr.jar;C:\Program Files\Java\jre1.8.0_161\lib\ext\access-bridge-64.jar;C:\Program Files\Java\jre1.8.0_161\lib\ext\cldrdata.jar;C:\Program Files\Java\jre1.8.0_161\lib\ext\dnsns.jar;C:\Program Files\Java\jre1.8.0_161\lib\ext\jaccess.jar;C:\Program Files\Java\jre1.8.0_161\lib\ext\jfxrt.jar;C:\Program Files\Java\jre1.8.0_161\lib\ext\localedata.jar;C:\Program Files\Java\jre1.8.0_161\lib\ext\nashorn.jar;C:\Program Files\Java\jre1.8.0_161\lib\ext\sunec.jar;C:\Program Files\Java\jre1.8.0_161\lib\ext\sunjce_provider.jar;C:\Program Files\Java\jre1.8.0_161\lib\ext\sunmscapi.jar;C:\Program Files\Java\jre1.8.0_161\lib\ext\sunpkcs11.jar;C:\Program Files\Java\jre1.8.0_161\lib\ext\zipfs.jar;D:\Programming\Shirokuro\bin;D:\Programming\Shirokuro\libs\jfxrt.jar
Launcher Type: SUN_STANDARD

Environment Variables:
PATH=C:/Program Files/Java/jre1.8.0_161/bin/server;C:/Program Files/Java/jre1.8.0_161/bin;C:/Program Files/Java/jre1.8.0_161/lib/amd64;C:\ProgramData\Oracle\Java\javapath;C:\WINDOWS\system32;C:\WINDOWS;C:\WINDOWS\System32\Wbem;C:\WINDOWS\System32\WindowsPowerShell\v1.0\;C:\Program Files\Git\cmd;C:\Program Files\nodejs\;C:\Program Files (x86)\NVIDIA Corporation\PhysX\Common;C:\Users\Marcel\AppData\Local\Microsoft\WindowsApps;C:\Users\Marcel\AppData\Roaming\npm;C:\Users\Marcel\AppData\Local\atom\bin;C:\WINDOWS\System32;
USERNAME=Marcel
OS=Windows_NT
PROCESSOR_IDENTIFIER=AMD64 Family 23 Model 1 Stepping 1, AuthenticAMD



---------------  S Y S T E M  ---------------

OS: Windows 10.0 , 64 bit Build 16299 (10.0.16299.15)

CPU:total 12 (initial active 12) (12 cores per cpu, 1 threads per core) family 23 model 1 stepping 1, cmov, cx8, fxsr, mmx, sse, sse2, sse3, ssse3, sse4.1, sse4.2, popcnt, avx, avx2, aes, clmul, mmxext, 3dnowpref, lzcnt, sse4a, tsc, tscinvbit, tscinv, bmi1

Memory: 4k page, physical 16709160k(741448k free), swap 22910228k(3047064k free)

vm_info: Java HotSpot(TM) 64-Bit Server VM (25.161-b12) for windows-amd64 JRE (1.8.0_161-b12), built on Dec 19 2017 17:52:25 by "java_re" with MS VC++ 10.0 (VS2010)

time: Tue Mar 06 14:01:55 2018
elapsed time: 31 seconds (0d 0h 0m 31s)

